2024-02-12 15:22:07,653 :INFO :test_e2e :retriving the list
2024-02-12 15:22:07,695 :INFO :test_e2e :iphone X
2024-02-12 15:22:07,702 :INFO :test_e2e :Samsung Note 8
2024-02-12 15:22:07,707 :INFO :test_e2e :Nokia Edge
2024-02-12 15:22:07,715 :INFO :test_e2e :Blackberry
2024-02-12 15:23:39,337 :INFO :test_e2e :retriving the list
2024-02-12 15:23:39,402 :INFO :test_e2e :iphone X
2024-02-12 15:23:39,476 :INFO :test_e2e :Samsung Note 8
2024-02-12 15:23:39,489 :INFO :test_e2e :Nokia Edge
2024-02-12 15:23:39,550 :INFO :test_e2e :Blackberry
2024-02-13 13:22:18,434 :INFO :test_e2e :retriving the list
2024-02-13 13:22:18,462 :INFO :test_e2e :iphone X
2024-02-13 13:22:18,470 :INFO :test_e2e :Samsung Note 8
2024-02-13 13:22:18,498 :INFO :test_e2e :Nokia Edge
2024-02-13 13:22:18,593 :INFO :test_e2e :Blackberry
2024-02-13 13:24:05,886 :INFO :test_e2e :retriving the list
2024-02-13 13:24:05,948 :INFO :test_e2e :iphone X
2024-02-13 13:24:05,959 :INFO :test_e2e :Samsung Note 8
2024-02-13 13:24:05,982 :INFO :test_e2e :Nokia Edge
2024-02-13 13:24:06,005 :INFO :test_e2e :Blackberry
2024-02-13 13:26:49,157 :INFO :test_e2e :retriving the list
2024-02-13 13:26:49,193 :INFO :test_e2e :iphone X
2024-02-13 13:26:49,229 :INFO :test_e2e :Samsung Note 8
2024-02-13 13:26:49,240 :INFO :test_e2e :Nokia Edge
2024-02-13 13:26:49,261 :INFO :test_e2e :Blackberry
2024-02-13 17:27:27,034 :INFO :test_e2e :retriving the list
2024-02-13 17:27:27,102 :INFO :test_e2e :iphone X
2024-02-13 17:27:27,114 :INFO :test_e2e :Samsung Note 8
2024-02-13 17:27:27,122 :INFO :test_e2e :Nokia Edge
2024-02-13 17:27:27,154 :INFO :test_e2e :Blackberry
2024-02-13 19:17:13,625 :INFO :test_e2e :retriving the list
2024-02-13 19:17:13,666 :INFO :test_e2e :iphone X
2024-02-13 19:17:13,688 :INFO :test_e2e :Samsung Note 8
2024-02-13 19:17:13,704 :INFO :test_e2e :Nokia Edge
2024-02-13 19:17:13,714 :INFO :test_e2e :Blackberry
2024-02-13 19:17:57,707 :INFO :test_e2e :retriving the list
2024-02-13 19:17:57,737 :INFO :test_e2e :iphone X
2024-02-13 19:17:57,758 :INFO :test_e2e :Samsung Note 8
2024-02-13 19:17:57,772 :INFO :test_e2e :Nokia Edge
2024-02-13 19:17:57,792 :INFO :test_e2e :Blackberry
2024-02-13 19:27:30,305 :INFO :test_e2e :retriving the list
2024-02-13 19:27:30,366 :INFO :test_e2e :iphone X
2024-02-13 19:27:30,383 :INFO :test_e2e :Samsung Note 8
2024-02-13 19:27:30,405 :INFO :test_e2e :Nokia Edge
2024-02-13 19:27:30,419 :INFO :test_e2e :Blackberry
2024-02-13 19:35:31,876 :INFO :test_e2e :retriving the list
2024-02-13 19:35:31,911 :INFO :test_e2e :iphone X
2024-02-13 19:35:31,921 :INFO :test_e2e :Samsung Note 8
2024-02-13 19:35:31,930 :INFO :test_e2e :Nokia Edge
2024-02-13 19:35:31,942 :INFO :test_e2e :Blackberry
2024-02-14 09:43:51,315 :INFO :test_e2e :retriving the list
2024-02-14 09:43:51,353 :INFO :test_e2e :iphone X
2024-02-14 09:43:51,367 :INFO :test_e2e :Samsung Note 8
2024-02-14 09:43:51,377 :INFO :test_e2e :Nokia Edge
2024-02-14 09:43:51,396 :INFO :test_e2e :Blackberry
2024-02-14 14:27:25,278 :INFO :test_e2e :retriving the list
2024-02-14 14:27:25,315 :INFO :test_e2e :iphone X
2024-02-14 14:27:25,322 :INFO :test_e2e :Samsung Note 8
2024-02-14 14:27:25,329 :INFO :test_e2e :Nokia Edge
2024-02-14 14:27:25,334 :INFO :test_e2e :Blackberry
2024-02-14 14:30:07,100 :INFO :test_e2e :retriving the list
2024-02-14 14:30:07,138 :INFO :test_e2e :iphone X
2024-02-14 14:30:07,150 :INFO :test_e2e :Samsung Note 8
2024-02-14 14:30:07,160 :INFO :test_e2e :Nokia Edge
2024-02-14 14:30:07,166 :INFO :test_e2e :Blackberry
2024-02-14 14:32:14,089 :INFO :test_e2e :retriving the list
2024-02-14 14:32:14,128 :INFO :test_e2e :iphone X
2024-02-14 14:32:14,141 :INFO :test_e2e :Samsung Note 8
2024-02-14 14:32:14,156 :INFO :test_e2e :Nokia Edge
2024-02-14 14:32:14,169 :INFO :test_e2e :Blackberry
2024-02-14 14:34:08,650 :INFO :test_e2e :retriving the list
2024-02-14 14:34:08,698 :INFO :test_e2e :iphone X
2024-02-14 14:34:08,717 :INFO :test_e2e :Samsung Note 8
2024-02-14 14:34:08,736 :INFO :test_e2e :Nokia Edge
2024-02-14 14:34:08,755 :INFO :test_e2e :Blackberry
